# JRE version: Java(TM) SE Runtime Environment (8.0_171-b11) (build 1.8.0_171-b11)
# Java VM: Java HotSpot(TM) 64-Bit Server VM (25.171-b11 mixed mode windows-amd64 compressed oops)
Heap:
 PSYoungGen      total 209920K, used 42525K [0x00000000d5f00000, 0x00000000e4b00000, 0x0000000100000000)
  eden space 192512K, 22% used [0x00000000d5f00000,0x00000000d88876b0,0x00000000e1b00000)
  from space 17408K, 0% used [0x00000000e3200000,0x00000000e3200000,0x00000000e4300000)
  to   space 23552K, 0% used [0x00000000e1b00000,0x00000000e1b00000,0x00000000e3200000)
 ParOldGen       total 138240K, used 43037K [0x0000000081c00000, 0x000000008a300000, 0x00000000d5f00000)
  object space 138240K, 31% used [0x0000000081c00000,0x00000000846075b0,0x000000008a300000)
 Metaspace       used 39408K, capacity 40592K, committed 40832K, reserved 1085440K
  class space    used 4913K, capacity 5240K, committed 5248K, reserved 1048576K
GC Heap History (10 events):
Event: 8.579 GC heap before
{Heap before GC invocations=6 (full 0):
 PSYoungGen      total 71680K, used 69707K [0x00000000d5f00000, 0x00000000dfb00000, 0x0000000100000000)
  eden space 66560K, 97% used [0x00000000d5f00000,0x00000000d9e148f8,0x00000000da000000)
  from space 5120K, 99% used [0x00000000da000000,0x00000000da4fe640,0x00000000da500000)
  to   space 13312K, 0% used [0x00000000dee00000,0x00000000dee00000,0x00000000dfb00000)
 ParOldGen       total 87552K, used 17254K [0x0000000081c00000, 0x0000000087180000, 0x00000000d5f00000)
  object space 87552K, 19% used [0x0000000081c00000,0x0000000082cd9850,0x0000000087180000)
 Metaspace       used 20609K, capacity 21118K, committed 21296K, reserved 1069056K
  class space    used 2479K, capacity 2625K, committed 2688K, reserved 1048576K
Event: 8.595 GC heap after
Heap after GC invocations=6 (full 0):
 PSYoungGen      total 146432K, used 10348K [0x00000000d5f00000, 0x00000000dfb00000, 0x0000000100000000)
  eden space 133120K, 0% used [0x00000000d5f00000,0x00000000d5f00000,0x00000000de100000)
  from space 13312K, 77% used [0x00000000dee00000,0x00000000df81b0e0,0x00000000dfb00000)
  to   space 13312K, 0% used [0x00000000de100000,0x00000000de100000,0x00000000dee00000)
 ParOldGen       total 87552K, used 17262K [0x0000000081c00000, 0x0000000087180000, 0x00000000d5f00000)
  object space 87552K, 19% used [0x0000000081c00000,0x0000000082cdb850,0x0000000087180000)
 Metaspace       used 20609K, capacity 21118K, committed 21296K, reserved 1069056K
  class space    used 2479K, capacity 2625K, committed 2688K, reserved 1048576K
}
Event: 8.595 GC heap before
{Heap before GC invocations=7 (full 1):
 PSYoungGen      total 146432K, used 10348K [0x00000000d5f00000, 0x00000000dfb00000, 0x0000000100000000)
  eden space 133120K, 0% used [0x00000000d5f00000,0x00000000d5f00000,0x00000000de100000)
  from space 13312K, 77% used [0x00000000dee00000,0x00000000df81b0e0,0x00000000dfb00000)
  to   space 13312K, 0% used [0x00000000de100000,0x00000000de100000,0x00000000dee00000)
 ParOldGen       total 87552K, used 17262K [0x0000000081c00000, 0x0000000087180000, 0x00000000d5f00000)
  object space 87552K, 19% used [0x0000000081c00000,0x0000000082cdb850,0x0000000087180000)
 Metaspace       used 20609K, capacity 21118K, committed 21296K, reserved 1069056K
  class space    used 2479K, capacity 2625K, committed 2688K, reserved 1048576K
Event: 8.697 GC heap after
Heap after GC invocations=7 (full 1):
 PSYoungGen      total 146432K, used 0K [0x00000000d5f00000, 0x00000000dfb00000, 0x0000000100000000)
  eden space 133120K, 0% used [0x00000000d5f00000,0x00000000d5f00000,0x00000000de100000)
  from space 13312K, 0% used [0x00000000dee00000,0x00000000dee00000,0x00000000dfb00000)
  to   space 13312K, 0% used [0x00000000de100000,0x00000000de100000,0x00000000dee00000)
 ParOldGen       total 79360K, used 20834K [0x0000000081c00000, 0x0000000086980000, 0x00000000d5f00000)
  object space 79360K, 26% used [0x0000000081c00000,0x0000000083058be0,0x0000000086980000)
 Metaspace       used 20609K, capacity 21118K, committed 21296K, reserved 1069056K
  class space    used 2479K, capacity 2625K, committed 2688K, reserved 1048576K
}
Event: 10.288 GC heap before
{Heap before GC invocations=8 (full 1):
 PSYoungGen      total 146432K, used 133120K [0x00000000d5f00000, 0x00000000dfb00000, 0x0000000100000000)
  eden space 133120K, 100% used [0x00000000d5f00000,0x00000000de100000,0x00000000de100000)
  from space 13312K, 0% used [0x00000000dee00000,0x00000000dee00000,0x00000000dfb00000)
  to   space 13312K, 0% used [0x00000000de100000,0x00000000de100000,0x00000000dee00000)
 ParOldGen       total 79360K, used 20834K [0x0000000081c00000, 0x0000000086980000, 0x00000000d5f00000)
  object space 79360K, 26% used [0x0000000081c00000,0x0000000083058be0,0x0000000086980000)
 Metaspace       used 23729K, capacity 24286K, committed 24448K, reserved 1071104K
  class space    used 2773K, capacity 2913K, committed 2944K, reserved 1048576K
Event: 10.304 GC heap after
Heap after GC invocations=8 (full 1):
 PSYoungGen      total 146432K, used 13284K [0x00000000d5f00000, 0x00000000e4300000, 0x0000000100000000)
  eden space 133120K, 0% used [0x00000000d5f00000,0x00000000d5f00000,0x00000000de100000)
  from space 13312K, 99% used [0x00000000de100000,0x00000000dedf9330,0x00000000dee00000)
  to   space 17408K, 0% used [0x00000000e3200000,0x00000000e3200000,0x00000000e4300000)
 ParOldGen       total 79360K, used 25693K [0x0000000081c00000, 0x0000000086980000, 0x00000000d5f00000)
  object space 79360K, 32% used [0x0000000081c00000,0x0000000083517610,0x0000000086980000)
 Metaspace       used 23729K, capacity 24286K, committed 24448K, reserved 1071104K
  class space    used 2773K, capacity 2913K, committed 2944K, reserved 1048576K
}
Event: 13.779 GC heap before
{Heap before GC invocations=9 (full 1):
 PSYoungGen      total 146432K, used 141977K [0x00000000d5f00000, 0x00000000e4300000, 0x0000000100000000)
  eden space 133120K, 96% used [0x00000000d5f00000,0x00000000ddcad390,0x00000000de100000)
  from space 13312K, 99% used [0x00000000de100000,0x00000000dedf9330,0x00000000dee00000)
  to   space 17408K, 0% used [0x00000000e3200000,0x00000000e3200000,0x00000000e4300000)
 ParOldGen       total 79360K, used 25693K [0x0000000081c00000, 0x0000000086980000, 0x00000000d5f00000)
  object space 79360K, 32% used [0x0000000081c00000,0x0000000083517610,0x0000000086980000)
 Metaspace       used 34371K, capacity 35420K, committed 35496K, reserved 1081344K
  class space    used 4298K, capacity 4584K, committed 4608K, reserved 1048576K
Event: 13.802 GC heap after
Heap after GC invocations=9 (full 1):
 PSYoungGen      total 209920K, used 17395K [0x00000000d5f00000, 0x00000000e4b00000, 0x0000000100000000)
  eden space 192512K, 0% used [0x00000000d5f00000,0x00000000d5f00000,0x00000000e1b00000)
  from space 17408K, 99% used [0x00000000e3200000,0x00000000e42fce18,0x00000000e4300000)
  to   space 23552K, 0% used [0x00000000e1b00000,0x00000000e1b00000,0x00000000e3200000)
 ParOldGen       total 79360K, used 34035K [0x0000000081c00000, 0x0000000086980000, 0x00000000d5f00000)
  object space 79360K, 42% used [0x0000000081c00000,0x0000000083d3cd30,0x0000000086980000)
 Metaspace       used 34371K, capacity 35420K, committed 35496K, reserved 1081344K
  class space    used 4298K, capacity 4584K, committed 4608K, reserved 1048576K
}
Event: 13.802 GC heap before
{Heap before GC invocations=10 (full 2):
 PSYoungGen      total 209920K, used 17395K [0x00000000d5f00000, 0x00000000e4b00000, 0x0000000100000000)
  eden space 192512K, 0% used [0x00000000d5f00000,0x00000000d5f00000,0x00000000e1b00000)
  from space 17408K, 99% used [0x00000000e3200000,0x00000000e42fce18,0x00000000e4300000)
  to   space 23552K, 0% used [0x00000000e1b00000,0x00000000e1b00000,0x00000000e3200000)
 ParOldGen       total 79360K, used 34035K [0x0000000081c00000, 0x0000000086980000, 0x00000000d5f00000)
  object space 79360K, 42% used [0x0000000081c00000,0x0000000083d3cd30,0x0000000086980000)
 Metaspace       used 34371K, capacity 35420K, committed 35496K, reserved 1081344K
  class space    used 4298K, capacity 4584K, committed 4608K, reserved 1048576K
Event: 13.981 GC heap after
Heap after GC invocations=10 (full 2):
 PSYoungGen      total 209920K, used 0K [0x00000000d5f00000, 0x00000000e4b00000, 0x0000000100000000)
  eden space 192512K, 0% used [0x00000000d5f00000,0x00000000d5f00000,0x00000000e1b00000)
  from space 17408K, 0% used [0x00000000e3200000,0x00000000e3200000,0x00000000e4300000)
  to   space 23552K, 0% used [0x00000000e1b00000,0x00000000e1b00000,0x00000000e3200000)
 ParOldGen       total 138240K, used 43037K [0x0000000081c00000, 0x000000008a300000, 0x00000000d5f00000)
  object space 138240K, 31% used [0x0000000081c00000,0x00000000846075b0,0x000000008a300000)
 Metaspace       used 34371K, capacity 35420K, committed 35496K, reserved 1081344K
  class space    used 4298K, capacity 4584K, committed 4608K, reserved 1048576K
}

