# JRE version: Java(TM) SE Runtime Environment (8.0_171-b11) (build 1.8.0_171-b11)
# Java VM: Java HotSpot(TM) 64-Bit Server VM (25.171-b11 mixed mode windows-amd64 compressed oops)
Heap:
 PSYoungGen      total 189952K, used 78474K [0x00000000d5f00000, 0x00000000e4680000, 0x0000000100000000)
  eden space 178688K, 37% used [0x00000000d5f00000,0x00000000da0a4808,0x00000000e0d80000)
  from space 11264K, 99% used [0x00000000e1a80000,0x00000000e257e110,0x00000000e2580000)
  to   space 13312K, 0% used [0x00000000e0d80000,0x00000000e0d80000,0x00000000e1a80000)
 ParOldGen       total 53248K, used 25847K [0x0000000081c00000, 0x0000000085000000, 0x00000000d5f00000)
  object space 53248K, 48% used [0x0000000081c00000,0x000000008353dd88,0x0000000085000000)
 Metaspace       used 56019K, capacity 58388K, committed 58544K, reserved 1099776K
  class space    used 7630K, capacity 8064K, committed 8112K, reserved 1048576K
GC Heap History (10 events):
Event: 4.212 GC heap before
{Heap before GC invocations=8 (full 1):
 PSYoungGen      total 117248K, used 116903K [0x00000000d5f00000, 0x00000000def80000, 0x0000000100000000)
  eden space 110592K, 100% used [0x00000000d5f00000,0x00000000dcb00000,0x00000000dcb00000)
  from space 6656K, 94% used [0x00000000de900000,0x00000000def29ce0,0x00000000def80000)
  to   space 8192K, 0% used [0x00000000ddf80000,0x00000000ddf80000,0x00000000de780000)
 ParOldGen       total 53248K, used 7316K [0x0000000081c00000, 0x0000000085000000, 0x00000000d5f00000)
  object space 53248K, 13% used [0x0000000081c00000,0x00000000823252c8,0x0000000085000000)
 Metaspace       used 30107K, capacity 31210K, committed 31408K, reserved 1077248K
  class space    used 3935K, capacity 4165K, committed 4272K, reserved 1048576K
Event: 4.229 GC heap after
Heap after GC invocations=8 (full 1):
 PSYoungGen      total 139776K, used 8180K [0x00000000d5f00000, 0x00000000e2580000, 0x0000000100000000)
  eden space 131584K, 0% used [0x00000000d5f00000,0x00000000d5f00000,0x00000000ddf80000)
  from space 8192K, 99% used [0x00000000ddf80000,0x00000000de77d068,0x00000000de780000)
  to   space 11264K, 0% used [0x00000000e1a80000,0x00000000e1a80000,0x00000000e2580000)
 ParOldGen       total 53248K, used 11303K [0x0000000081c00000, 0x0000000085000000, 0x00000000d5f00000)
  object space 53248K, 21% used [0x0000000081c00000,0x0000000082709d78,0x0000000085000000)
 Metaspace       used 30107K, capacity 31210K, committed 31408K, reserved 1077248K
  class space    used 3935K, capacity 4165K, committed 4272K, reserved 1048576K
}
Event: 5.122 GC heap before
{Heap before GC invocations=9 (full 1):
 PSYoungGen      total 139776K, used 66545K [0x00000000d5f00000, 0x00000000e2580000, 0x0000000100000000)
  eden space 131584K, 44% used [0x00000000d5f00000,0x00000000d97ff748,0x00000000ddf80000)
  from space 8192K, 99% used [0x00000000ddf80000,0x00000000de77d068,0x00000000de780000)
  to   space 11264K, 0% used [0x00000000e1a80000,0x00000000e1a80000,0x00000000e2580000)
 ParOldGen       total 53248K, used 11303K [0x0000000081c00000, 0x0000000085000000, 0x00000000d5f00000)
  object space 53248K, 21% used [0x0000000081c00000,0x0000000082709d78,0x0000000085000000)
 Metaspace       used 34157K, capacity 35370K, committed 35496K, reserved 1081344K
  class space    used 4401K, capacity 4643K, committed 4656K, reserved 1048576K
Event: 5.133 GC heap after
Heap after GC invocations=9 (full 1):
 PSYoungGen      total 189952K, used 11232K [0x00000000d5f00000, 0x00000000e4680000, 0x0000000100000000)
  eden space 178688K, 0% used [0x00000000d5f00000,0x00000000d5f00000,0x00000000e0d80000)
  from space 11264K, 99% used [0x00000000e1a80000,0x00000000e2578378,0x00000000e2580000)
  to   space 13312K, 0% used [0x00000000e0d80000,0x00000000e0d80000,0x00000000e1a80000)
 ParOldGen       total 53248K, used 12915K [0x0000000081c00000, 0x0000000085000000, 0x00000000d5f00000)
  object space 53248K, 24% used [0x0000000081c00000,0x000000008289cc50,0x0000000085000000)
 Metaspace       used 34157K, capacity 35370K, committed 35496K, reserved 1081344K
  class space    used 4401K, capacity 4643K, committed 4656K, reserved 1048576K
}
Event: 5.133 GC heap before
{Heap before GC invocations=10 (full 2):
 PSYoungGen      total 189952K, used 11232K [0x00000000d5f00000, 0x00000000e4680000, 0x0000000100000000)
  eden space 178688K, 0% used [0x00000000d5f00000,0x00000000d5f00000,0x00000000e0d80000)
  from space 11264K, 99% used [0x00000000e1a80000,0x00000000e2578378,0x00000000e2580000)
  to   space 13312K, 0% used [0x00000000e0d80000,0x00000000e0d80000,0x00000000e1a80000)
 ParOldGen       total 53248K, used 12915K [0x0000000081c00000, 0x0000000085000000, 0x00000000d5f00000)
  object space 53248K, 24% used [0x0000000081c00000,0x000000008289cc50,0x0000000085000000)
 Metaspace       used 34157K, capacity 35370K, committed 35496K, reserved 1081344K
  class space    used 4401K, capacity 4643K, committed 4656K, reserved 1048576K
Event: 5.214 GC heap after
Heap after GC invocations=10 (full 2):
 PSYoungGen      total 189952K, used 0K [0x00000000d5f00000, 0x00000000e4680000, 0x0000000100000000)
  eden space 178688K, 0% used [0x00000000d5f00000,0x00000000d5f00000,0x00000000e0d80000)
  from space 11264K, 0% used [0x00000000e1a80000,0x00000000e1a80000,0x00000000e2580000)
  to   space 13312K, 0% used [0x00000000e0d80000,0x00000000e0d80000,0x00000000e1a80000)
 ParOldGen       total 53248K, used 18275K [0x0000000081c00000, 0x0000000085000000, 0x00000000d5f00000)
  object space 53248K, 34% used [0x0000000081c00000,0x0000000082dd8fe8,0x0000000085000000)
 Metaspace       used 34157K, capacity 35370K, committed 35496K, reserved 1081344K
  class space    used 4401K, capacity 4643K, committed 4656K, reserved 1048576K
}
Event: 7.534 GC heap before
{Heap before GC invocations=11 (full 2):
 PSYoungGen      total 189952K, used 178688K [0x00000000d5f00000, 0x00000000e4680000, 0x0000000100000000)
  eden space 178688K, 100% used [0x00000000d5f00000,0x00000000e0d80000,0x00000000e0d80000)
  from space 11264K, 0% used [0x00000000e1a80000,0x00000000e1a80000,0x00000000e2580000)
  to   space 13312K, 0% used [0x00000000e0d80000,0x00000000e0d80000,0x00000000e1a80000)
 ParOldGen       total 53248K, used 18275K [0x0000000081c00000, 0x0000000085000000, 0x00000000d5f00000)
  object space 53248K, 34% used [0x0000000081c00000,0x0000000082dd8fe8,0x0000000085000000)
 Metaspace       used 48218K, capacity 50094K, committed 50224K, reserved 1093632K
  class space    used 6529K, capacity 6887K, committed 6960K, reserved 1048576K
Event: 7.556 GC heap after
Heap after GC invocations=11 (full 2):
 PSYoungGen      total 192000K, used 13295K [0x00000000d5f00000, 0x00000000e4680000, 0x0000000100000000)
  eden space 178688K, 0% used [0x00000000d5f00000,0x00000000d5f00000,0x00000000e0d80000)
  from space 13312K, 99% used [0x00000000e0d80000,0x00000000e1a7bdc0,0x00000000e1a80000)
  to   space 11264K, 0% used [0x00000000e1a80000,0x00000000e1a80000,0x00000000e2580000)
 ParOldGen       total 53248K, used 21594K [0x0000000081c00000, 0x0000000085000000, 0x00000000d5f00000)
  object space 53248K, 40% used [0x0000000081c00000,0x00000000831169b0,0x0000000085000000)
 Metaspace       used 48218K, capacity 50094K, committed 50224K, reserved 1093632K
  class space    used 6529K, capacity 6887K, committed 6960K, reserved 1048576K
}
Event: 9.009 GC heap before
{Heap before GC invocations=12 (full 2):
 PSYoungGen      total 192000K, used 191983K [0x00000000d5f00000, 0x00000000e4680000, 0x0000000100000000)
  eden space 178688K, 100% used [0x00000000d5f00000,0x00000000e0d80000,0x00000000e0d80000)
  from space 13312K, 99% used [0x00000000e0d80000,0x00000000e1a7bdc0,0x00000000e1a80000)
  to   space 11264K, 0% used [0x00000000e1a80000,0x00000000e1a80000,0x00000000e2580000)
 ParOldGen       total 53248K, used 21594K [0x0000000081c00000, 0x0000000085000000, 0x00000000d5f00000)
  object space 53248K, 40% used [0x0000000081c00000,0x00000000831169b0,0x0000000085000000)
 Metaspace       used 52846K, capacity 55206K, committed 55344K, reserved 1097728K
  class space    used 7197K, capacity 7619K, committed 7728K, reserved 1048576K
Event: 9.027 GC heap after
Heap after GC invocations=12 (full 2):
 PSYoungGen      total 189952K, used 11256K [0x00000000d5f00000, 0x00000000e4680000, 0x0000000100000000)
  eden space 178688K, 0% used [0x00000000d5f00000,0x00000000d5f00000,0x00000000e0d80000)
  from space 11264K, 99% used [0x00000000e1a80000,0x00000000e257e110,0x00000000e2580000)
  to   space 13312K, 0% used [0x00000000e0d80000,0x00000000e0d80000,0x00000000e1a80000)
 ParOldGen       total 53248K, used 25847K [0x0000000081c00000, 0x0000000085000000, 0x00000000d5f00000)
  object space 53248K, 48% used [0x0000000081c00000,0x000000008353dd88,0x0000000085000000)
 Metaspace       used 52846K, capacity 55206K, committed 55344K, reserved 1097728K
  class space    used 7197K, capacity 7619K, committed 7728K, reserved 1048576K
}

