# JRE version: Java(TM) SE Runtime Environment (8.0_171-b11) (build 1.8.0_171-b11)
# Java VM: Java HotSpot(TM) 64-Bit Server VM (25.171-b11 mixed mode windows-amd64 compressed oops)
Heap:
 PSYoungGen      total 185344K, used 19010K [0x00000000d5f00000, 0x00000000e4400000, 0x0000000100000000)
  eden space 172032K, 3% used [0x00000000d5f00000,0x00000000d6494f98,0x00000000e0700000)
  from space 13312K, 99% used [0x00000000e0700000,0x00000000e13fb9a8,0x00000000e1400000)
  to   space 11264K, 0% used [0x00000000e1400000,0x00000000e1400000,0x00000000e1f00000)
 ParOldGen       total 54784K, used 21094K [0x0000000081c00000, 0x0000000085180000, 0x00000000d5f00000)
  object space 54784K, 38% used [0x0000000081c00000,0x0000000083099b18,0x0000000085180000)
 Metaspace       used 48068K, capacity 49968K, committed 50176K, reserved 1093632K
  class space    used 6506K, capacity 6850K, committed 6912K, reserved 1048576K
GC Heap History (10 events):
Event: 3.226 GC heap before
{Heap before GC invocations=7 (full 1):
 PSYoungGen      total 71680K, used 66560K [0x00000000d5f00000, 0x00000000df100000, 0x0000000100000000)
  eden space 66560K, 100% used [0x00000000d5f00000,0x00000000da000000,0x00000000da000000)
  from space 5120K, 0% used [0x00000000da000000,0x00000000da000000,0x00000000da500000)
  to   space 8192K, 0% used [0x00000000de900000,0x00000000de900000,0x00000000df100000)
 ParOldGen       total 54784K, used 7150K [0x0000000081c00000, 0x0000000085180000, 0x00000000d5f00000)
  object space 54784K, 13% used [0x0000000081c00000,0x00000000822fbab0,0x0000000085180000)
 Metaspace       used 24772K, capacity 25618K, committed 25728K, reserved 1071104K
  class space    used 3183K, capacity 3367K, committed 3456K, reserved 1048576K
Event: 3.236 GC heap after
Heap after GC invocations=7 (full 1):
 PSYoungGen      total 115712K, used 6427K [0x00000000d5f00000, 0x00000000def80000, 0x0000000100000000)
  eden space 109056K, 0% used [0x00000000d5f00000,0x00000000d5f00000,0x00000000dc980000)
  from space 6656K, 96% used [0x00000000de900000,0x00000000def46fb0,0x00000000def80000)
  to   space 8192K, 0% used [0x00000000ddf80000,0x00000000ddf80000,0x00000000de780000)
 ParOldGen       total 54784K, used 7158K [0x0000000081c00000, 0x0000000085180000, 0x00000000d5f00000)
  object space 54784K, 13% used [0x0000000081c00000,0x00000000822fdab0,0x0000000085180000)
 Metaspace       used 24772K, capacity 25618K, committed 25728K, reserved 1071104K
  class space    used 3183K, capacity 3367K, committed 3456K, reserved 1048576K
}
Event: 4.283 GC heap before
{Heap before GC invocations=8 (full 1):
 PSYoungGen      total 115712K, used 115483K [0x00000000d5f00000, 0x00000000def80000, 0x0000000100000000)
  eden space 109056K, 100% used [0x00000000d5f00000,0x00000000dc980000,0x00000000dc980000)
  from space 6656K, 96% used [0x00000000de900000,0x00000000def46fb0,0x00000000def80000)
  to   space 8192K, 0% used [0x00000000ddf80000,0x00000000ddf80000,0x00000000de780000)
 ParOldGen       total 54784K, used 7158K [0x0000000081c00000, 0x0000000085180000, 0x00000000d5f00000)
  object space 54784K, 13% used [0x0000000081c00000,0x00000000822fdab0,0x0000000085180000)
 Metaspace       used 30102K, capacity 31210K, committed 31360K, reserved 1077248K
  class space    used 3934K, capacity 4165K, committed 4224K, reserved 1048576K
Event: 4.292 GC heap after
Heap after GC invocations=8 (full 1):
 PSYoungGen      total 139776K, used 8178K [0x00000000d5f00000, 0x00000000e1f00000, 0x0000000100000000)
  eden space 131584K, 0% used [0x00000000d5f00000,0x00000000d5f00000,0x00000000ddf80000)
  from space 8192K, 99% used [0x00000000ddf80000,0x00000000de77c888,0x00000000de780000)
  to   space 11264K, 0% used [0x00000000e1400000,0x00000000e1400000,0x00000000e1f00000)
 ParOldGen       total 54784K, used 11212K [0x0000000081c00000, 0x0000000085180000, 0x00000000d5f00000)
  object space 54784K, 20% used [0x0000000081c00000,0x00000000826f3130,0x0000000085180000)
 Metaspace       used 30102K, capacity 31210K, committed 31360K, reserved 1077248K
  class space    used 3934K, capacity 4165K, committed 4224K, reserved 1048576K
}
Event: 5.137 GC heap before
{Heap before GC invocations=9 (full 1):
 PSYoungGen      total 139776K, used 71075K [0x00000000d5f00000, 0x00000000e1f00000, 0x0000000100000000)
  eden space 131584K, 47% used [0x00000000d5f00000,0x00000000d9c6c5b0,0x00000000ddf80000)
  from space 8192K, 99% used [0x00000000ddf80000,0x00000000de77c888,0x00000000de780000)
  to   space 11264K, 0% used [0x00000000e1400000,0x00000000e1400000,0x00000000e1f00000)
 ParOldGen       total 54784K, used 11212K [0x0000000081c00000, 0x0000000085180000, 0x00000000d5f00000)
  object space 54784K, 20% used [0x0000000081c00000,0x00000000826f3130,0x0000000085180000)
 Metaspace       used 34076K, capacity 35304K, committed 35456K, reserved 1079296K
  class space    used 4399K, capacity 4642K, committed 4736K, reserved 1048576K
Event: 5.148 GC heap after
Heap after GC invocations=9 (full 1):
 PSYoungGen      total 183296K, used 11259K [0x00000000d5f00000, 0x00000000e4400000, 0x0000000100000000)
  eden space 172032K, 0% used [0x00000000d5f00000,0x00000000d5f00000,0x00000000e0700000)
  from space 11264K, 99% used [0x00000000e1400000,0x00000000e1efed10,0x00000000e1f00000)
  to   space 13312K, 0% used [0x00000000e0700000,0x00000000e0700000,0x00000000e1400000)
 ParOldGen       total 54784K, used 12831K [0x0000000081c00000, 0x0000000085180000, 0x00000000d5f00000)
  object space 54784K, 23% used [0x0000000081c00000,0x0000000082887ee0,0x0000000085180000)
 Metaspace       used 34076K, capacity 35304K, committed 35456K, reserved 1079296K
  class space    used 4399K, capacity 4642K, committed 4736K, reserved 1048576K
}
Event: 5.148 GC heap before
{Heap before GC invocations=10 (full 2):
 PSYoungGen      total 183296K, used 11259K [0x00000000d5f00000, 0x00000000e4400000, 0x0000000100000000)
  eden space 172032K, 0% used [0x00000000d5f00000,0x00000000d5f00000,0x00000000e0700000)
  from space 11264K, 99% used [0x00000000e1400000,0x00000000e1efed10,0x00000000e1f00000)
  to   space 13312K, 0% used [0x00000000e0700000,0x00000000e0700000,0x00000000e1400000)
 ParOldGen       total 54784K, used 12831K [0x0000000081c00000, 0x0000000085180000, 0x00000000d5f00000)
  object space 54784K, 23% used [0x0000000081c00000,0x0000000082887ee0,0x0000000085180000)
 Metaspace       used 34076K, capacity 35304K, committed 35456K, reserved 1079296K
  class space    used 4399K, capacity 4642K, committed 4736K, reserved 1048576K
Event: 5.229 GC heap after
Heap after GC invocations=10 (full 2):
 PSYoungGen      total 183296K, used 0K [0x00000000d5f00000, 0x00000000e4400000, 0x0000000100000000)
  eden space 172032K, 0% used [0x00000000d5f00000,0x00000000d5f00000,0x00000000e0700000)
  from space 11264K, 0% used [0x00000000e1400000,0x00000000e1400000,0x00000000e1f00000)
  to   space 13312K, 0% used [0x00000000e0700000,0x00000000e0700000,0x00000000e1400000)
 ParOldGen       total 54784K, used 18218K [0x0000000081c00000, 0x0000000085180000, 0x00000000d5f00000)
  object space 54784K, 33% used [0x0000000081c00000,0x0000000082dca930,0x0000000085180000)
 Metaspace       used 34076K, capacity 35304K, committed 35456K, reserved 1079296K
  class space    used 4399K, capacity 4642K, committed 4736K, reserved 1048576K
}
Event: 7.248 GC heap before
{Heap before GC invocations=11 (full 2):
 PSYoungGen      total 183296K, used 172032K [0x00000000d5f00000, 0x00000000e4400000, 0x0000000100000000)
  eden space 172032K, 100% used [0x00000000d5f00000,0x00000000e0700000,0x00000000e0700000)
  from space 11264K, 0% used [0x00000000e1400000,0x00000000e1400000,0x00000000e1f00000)
  to   space 13312K, 0% used [0x00000000e0700000,0x00000000e0700000,0x00000000e1400000)
 ParOldGen       total 54784K, used 18218K [0x0000000081c00000, 0x0000000085180000, 0x00000000d5f00000)
  object space 54784K, 33% used [0x0000000081c00000,0x0000000082dca930,0x0000000085180000)
 Metaspace       used 48001K, capacity 49904K, committed 50176K, reserved 1093632K
  class space    used 6497K, capacity 6850K, committed 6912K, reserved 1048576K
Event: 7.272 GC heap after
Heap after GC invocations=11 (full 2):
 PSYoungGen      total 185344K, used 13294K [0x00000000d5f00000, 0x00000000e4400000, 0x0000000100000000)
  eden space 172032K, 0% used [0x00000000d5f00000,0x00000000d5f00000,0x00000000e0700000)
  from space 13312K, 99% used [0x00000000e0700000,0x00000000e13fb9a8,0x00000000e1400000)
  to   space 11264K, 0% used [0x00000000e1400000,0x00000000e1400000,0x00000000e1f00000)
 ParOldGen       total 54784K, used 21094K [0x0000000081c00000, 0x0000000085180000, 0x00000000d5f00000)
  object space 54784K, 38% used [0x0000000081c00000,0x0000000083099b18,0x0000000085180000)
 Metaspace       used 48001K, capacity 49904K, committed 50176K, reserved 1093632K
  class space    used 6497K, capacity 6850K, committed 6912K, reserved 1048576K
}

