# JRE version: Java(TM) SE Runtime Environment (8.0_171-b11) (build 1.8.0_171-b11)
# Java VM: Java HotSpot(TM) 64-Bit Server VM (25.171-b11 mixed mode windows-amd64 compressed oops)
Heap:
 PSYoungGen      total 166400K, used 59166K [0x00000000d5f00000, 0x00000000e1800000, 0x0000000100000000)
  eden space 145920K, 40% used [0x00000000d5f00000,0x00000000d98c78a8,0x00000000ded80000)
  from space 20480K, 0% used [0x00000000ded80000,0x00000000ded80000,0x00000000e0180000)
  to   space 16896K, 0% used [0x00000000e0180000,0x00000000e0180000,0x00000000e1200000)
 ParOldGen       total 82944K, used 46202K [0x0000000081c00000, 0x0000000086d00000, 0x00000000d5f00000)
  object space 82944K, 55% used [0x0000000081c00000,0x000000008491e948,0x0000000086d00000)
 Metaspace       used 62882K, capacity 65380K, committed 65664K, reserved 1105920K
  class space    used 8260K, capacity 8778K, committed 8832K, reserved 1048576K
GC Heap History (10 events):
Event: 5.232 GC heap before
{Heap before GC invocations=10 (full 2):
 PSYoungGen      total 143360K, used 13306K [0x00000000d5f00000, 0x00000000e3680000, 0x0000000100000000)
  eden space 130048K, 0% used [0x00000000d5f00000,0x00000000d5f00000,0x00000000dde00000)
  from space 13312K, 99% used [0x00000000dee00000,0x00000000dfafe998,0x00000000dfb00000)
  to   space 16384K, 0% used [0x00000000dde00000,0x00000000dde00000,0x00000000dee00000)
 ParOldGen       total 82944K, used 25035K [0x0000000081c00000, 0x0000000086d00000, 0x00000000d5f00000)
  object space 82944K, 30% used [0x0000000081c00000,0x0000000083472cb0,0x0000000086d00000)
 Metaspace       used 34279K, capacity 35322K, committed 35456K, reserved 1079296K
  class space    used 4307K, capacity 4629K, committed 4736K, reserved 1048576K
Event: 5.332 GC heap after
Heap after GC invocations=10 (full 2):
 PSYoungGen      total 143360K, used 0K [0x00000000d5f00000, 0x00000000e3680000, 0x0000000100000000)
  eden space 130048K, 0% used [0x00000000d5f00000,0x00000000d5f00000,0x00000000dde00000)
  from space 13312K, 0% used [0x00000000dee00000,0x00000000dee00000,0x00000000dfb00000)
  to   space 16384K, 0% used [0x00000000dde00000,0x00000000dde00000,0x00000000dee00000)
 ParOldGen       total 82944K, used 35638K [0x0000000081c00000, 0x0000000086d00000, 0x00000000d5f00000)
  object space 82944K, 42% used [0x0000000081c00000,0x0000000083ecd8f8,0x0000000086d00000)
 Metaspace       used 34279K, capacity 35322K, committed 35456K, reserved 1079296K
  class space    used 4307K, capacity 4629K, committed 4736K, reserved 1048576K
}
Event: 6.484 GC heap before
{Heap before GC invocations=11 (full 2):
 PSYoungGen      total 143360K, used 130048K [0x00000000d5f00000, 0x00000000e3680000, 0x0000000100000000)
  eden space 130048K, 100% used [0x00000000d5f00000,0x00000000dde00000,0x00000000dde00000)
  from space 13312K, 0% used [0x00000000dee00000,0x00000000dee00000,0x00000000dfb00000)
  to   space 16384K, 0% used [0x00000000dde00000,0x00000000dde00000,0x00000000dee00000)
 ParOldGen       total 82944K, used 35638K [0x0000000081c00000, 0x0000000086d00000, 0x00000000d5f00000)
  object space 82944K, 42% used [0x0000000081c00000,0x0000000083ecd8f8,0x0000000086d00000)
 Metaspace       used 41403K, capacity 42908K, committed 43136K, reserved 1087488K
  class space    used 5276K, capacity 5652K, committed 5760K, reserved 1048576K
Event: 6.493 GC heap after
Heap after GC invocations=11 (full 2):
 PSYoungGen      total 146432K, used 13079K [0x00000000d5f00000, 0x00000000e1200000, 0x0000000100000000)
  eden space 130048K, 0% used [0x00000000d5f00000,0x00000000d5f00000,0x00000000dde00000)
  from space 16384K, 79% used [0x00000000dde00000,0x00000000deac5e08,0x00000000dee00000)
  to   space 16896K, 0% used [0x00000000e0180000,0x00000000e0180000,0x00000000e1200000)
 ParOldGen       total 82944K, used 35710K [0x0000000081c00000, 0x0000000086d00000, 0x00000000d5f00000)
  object space 82944K, 43% used [0x0000000081c00000,0x0000000083edf908,0x0000000086d00000)
 Metaspace       used 41403K, capacity 42908K, committed 43136K, reserved 1087488K
  class space    used 5276K, capacity 5652K, committed 5760K, reserved 1048576K
}
Event: 8.368 GC heap before
{Heap before GC invocations=12 (full 2):
 PSYoungGen      total 146432K, used 143127K [0x00000000d5f00000, 0x00000000e1200000, 0x0000000100000000)
  eden space 130048K, 100% used [0x00000000d5f00000,0x00000000dde00000,0x00000000dde00000)
  from space 16384K, 79% used [0x00000000dde00000,0x00000000deac5e08,0x00000000dee00000)
  to   space 16896K, 0% used [0x00000000e0180000,0x00000000e0180000,0x00000000e1200000)
 ParOldGen       total 82944K, used 35710K [0x0000000081c00000, 0x0000000086d00000, 0x00000000d5f00000)
  object space 82944K, 43% used [0x0000000081c00000,0x0000000083edf908,0x0000000086d00000)
 Metaspace       used 50748K, capacity 52754K, committed 52992K, reserved 1095680K
  class space    used 6395K, capacity 6847K, committed 6912K, reserved 1048576K
Event: 8.394 GC heap after
Heap after GC invocations=12 (full 2):
 PSYoungGen      total 162816K, used 16876K [0x00000000d5f00000, 0x00000000e1800000, 0x0000000100000000)
  eden space 145920K, 0% used [0x00000000d5f00000,0x00000000d5f00000,0x00000000ded80000)
  from space 16896K, 99% used [0x00000000e0180000,0x00000000e11fb3a8,0x00000000e1200000)
  to   space 20480K, 0% used [0x00000000ded80000,0x00000000ded80000,0x00000000e0180000)
 ParOldGen       total 82944K, used 39839K [0x0000000081c00000, 0x0000000086d00000, 0x00000000d5f00000)
  object space 82944K, 48% used [0x0000000081c00000,0x00000000842e7d10,0x0000000086d00000)
 Metaspace       used 50748K, capacity 52754K, committed 52992K, reserved 1095680K
  class space    used 6395K, capacity 6847K, committed 6912K, reserved 1048576K
}
Event: 8.988 GC heap before
{Heap before GC invocations=13 (full 2):
 PSYoungGen      total 162816K, used 70391K [0x00000000d5f00000, 0x00000000e1800000, 0x0000000100000000)
  eden space 145920K, 36% used [0x00000000d5f00000,0x00000000d9342a28,0x00000000ded80000)
  from space 16896K, 99% used [0x00000000e0180000,0x00000000e11fb3a8,0x00000000e1200000)
  to   space 20480K, 0% used [0x00000000ded80000,0x00000000ded80000,0x00000000e0180000)
 ParOldGen       total 82944K, used 39839K [0x0000000081c00000, 0x0000000086d00000, 0x00000000d5f00000)
  object space 82944K, 48% used [0x0000000081c00000,0x00000000842e7d10,0x0000000086d00000)
 Metaspace       used 56843K, capacity 58858K, committed 59096K, reserved 1101824K
  class space    used 7362K, capacity 7789K, committed 7808K, reserved 1048576K
Event: 9.009 GC heap after
Heap after GC invocations=13 (full 2):
 PSYoungGen      total 166400K, used 20455K [0x00000000d5f00000, 0x00000000e1800000, 0x0000000100000000)
  eden space 145920K, 0% used [0x00000000d5f00000,0x00000000d5f00000,0x00000000ded80000)
  from space 20480K, 99% used [0x00000000ded80000,0x00000000e0179ef8,0x00000000e0180000)
  to   space 16896K, 0% used [0x00000000e0180000,0x00000000e0180000,0x00000000e1200000)
 ParOldGen       total 82944K, used 41707K [0x0000000081c00000, 0x0000000086d00000, 0x00000000d5f00000)
  object space 82944K, 50% used [0x0000000081c00000,0x00000000844badf8,0x0000000086d00000)
 Metaspace       used 56843K, capacity 58858K, committed 59096K, reserved 1101824K
  class space    used 7362K, capacity 7789K, committed 7808K, reserved 1048576K
}
Event: 9.009 GC heap before
{Heap before GC invocations=14 (full 3):
 PSYoungGen      total 166400K, used 20455K [0x00000000d5f00000, 0x00000000e1800000, 0x0000000100000000)
  eden space 145920K, 0% used [0x00000000d5f00000,0x00000000d5f00000,0x00000000ded80000)
  from space 20480K, 99% used [0x00000000ded80000,0x00000000e0179ef8,0x00000000e0180000)
  to   space 16896K, 0% used [0x00000000e0180000,0x00000000e0180000,0x00000000e1200000)
 ParOldGen       total 82944K, used 41707K [0x0000000081c00000, 0x0000000086d00000, 0x00000000d5f00000)
  object space 82944K, 50% used [0x0000000081c00000,0x00000000844badf8,0x0000000086d00000)
 Metaspace       used 56843K, capacity 58858K, committed 59096K, reserved 1101824K
  class space    used 7362K, capacity 7789K, committed 7808K, reserved 1048576K
Event: 9.216 GC heap after
Heap after GC invocations=14 (full 3):
 PSYoungGen      total 166400K, used 0K [0x00000000d5f00000, 0x00000000e1800000, 0x0000000100000000)
  eden space 145920K, 0% used [0x00000000d5f00000,0x00000000d5f00000,0x00000000ded80000)
  from space 20480K, 0% used [0x00000000ded80000,0x00000000ded80000,0x00000000e0180000)
  to   space 16896K, 0% used [0x00000000e0180000,0x00000000e0180000,0x00000000e1200000)
 ParOldGen       total 82944K, used 46202K [0x0000000081c00000, 0x0000000086d00000, 0x00000000d5f00000)
  object space 82944K, 55% used [0x0000000081c00000,0x000000008491e948,0x0000000086d00000)
 Metaspace       used 56843K, capacity 58858K, committed 59096K, reserved 1101824K
  class space    used 7362K, capacity 7789K, committed 7808K, reserved 1048576K
}

