# JRE version: Java(TM) SE Runtime Environment (8.0_171-b11) (build 1.8.0_171-b11)
# Java VM: Java HotSpot(TM) 64-Bit Server VM (25.171-b11 mixed mode windows-amd64 compressed oops)
Heap:
 PSYoungGen      total 189440K, used 173838K [0x00000000d5f00000, 0x00000000e4700000, 0x0000000100000000)
  eden space 177152K, 98% used [0x00000000d5f00000,0x00000000e08c3bb8,0x00000000e0c00000)
  from space 12288K, 0% used [0x00000000e1a80000,0x00000000e1a80000,0x00000000e2680000)
  to   space 14848K, 0% used [0x00000000e0c00000,0x00000000e0c00000,0x00000000e1a80000)
 ParOldGen       total 87552K, used 18297K [0x0000000081c00000, 0x0000000087180000, 0x00000000d5f00000)
  object space 87552K, 20% used [0x0000000081c00000,0x0000000082dde680,0x0000000087180000)
 Metaspace       used 48087K, capacity 49960K, committed 50224K, reserved 1093632K
  class space    used 6504K, capacity 6850K, committed 6960K, reserved 1048576K
GC Heap History (10 events):
Event: 2.466 GC heap before
{Heap before GC invocations=6 (full 1):
 PSYoungGen      total 71680K, used 5109K [0x00000000d5f00000, 0x00000000df100000, 0x0000000100000000)
  eden space 66560K, 0% used [0x00000000d5f00000,0x00000000d5f00000,0x00000000da000000)
  from space 5120K, 99% used [0x00000000da000000,0x00000000da4fd568,0x00000000da500000)
  to   space 8192K, 0% used [0x00000000de900000,0x00000000de900000,0x00000000df100000)
 ParOldGen       total 87552K, used 4215K [0x0000000081c00000, 0x0000000087180000, 0x00000000d5f00000)
  object space 87552K, 4% used [0x0000000081c00000,0x000000008201dfa8,0x0000000087180000)
 Metaspace       used 20591K, capacity 21228K, committed 21296K, reserved 1067008K
  class space    used 2652K, capacity 2818K, committed 2864K, reserved 1048576K
Event: 2.503 GC heap after
Heap after GC invocations=6 (full 1):
 PSYoungGen      total 71680K, used 0K [0x00000000d5f00000, 0x00000000df100000, 0x0000000100000000)
  eden space 66560K, 0% used [0x00000000d5f00000,0x00000000d5f00000,0x00000000da000000)
  from space 5120K, 0% used [0x00000000da000000,0x00000000da000000,0x00000000da500000)
  to   space 8192K, 0% used [0x00000000de900000,0x00000000de900000,0x00000000df100000)
 ParOldGen       total 53760K, used 7169K [0x0000000081c00000, 0x0000000085080000, 0x00000000d5f00000)
  object space 53760K, 13% used [0x0000000081c00000,0x00000000823006f0,0x0000000085080000)
 Metaspace       used 20591K, capacity 21228K, committed 21296K, reserved 1067008K
  class space    used 2652K, capacity 2818K, committed 2864K, reserved 1048576K
}
Event: 3.126 GC heap before
{Heap before GC invocations=7 (full 1):
 PSYoungGen      total 71680K, used 66560K [0x00000000d5f00000, 0x00000000df100000, 0x0000000100000000)
  eden space 66560K, 100% used [0x00000000d5f00000,0x00000000da000000,0x00000000da000000)
  from space 5120K, 0% used [0x00000000da000000,0x00000000da000000,0x00000000da500000)
  to   space 8192K, 0% used [0x00000000de900000,0x00000000de900000,0x00000000df100000)
 ParOldGen       total 53760K, used 7169K [0x0000000081c00000, 0x0000000085080000, 0x00000000d5f00000)
  object space 53760K, 13% used [0x0000000081c00000,0x00000000823006f0,0x0000000085080000)
 Metaspace       used 26080K, capacity 26926K, committed 27184K, reserved 1073152K
  class space    used 3380K, capacity 3591K, committed 3632K, reserved 1048576K
Event: 3.134 GC heap after
Heap after GC invocations=7 (full 1):
 PSYoungGen      total 118272K, used 8176K [0x00000000d5f00000, 0x00000000df100000, 0x0000000100000000)
  eden space 110080K, 0% used [0x00000000d5f00000,0x00000000d5f00000,0x00000000dca80000)
  from space 8192K, 99% used [0x00000000de900000,0x00000000df0fc0d0,0x00000000df100000)
  to   space 9728K, 0% used [0x00000000dde00000,0x00000000dde00000,0x00000000de780000)
 ParOldGen       total 53760K, used 7995K [0x0000000081c00000, 0x0000000085080000, 0x00000000d5f00000)
  object space 53760K, 14% used [0x0000000081c00000,0x00000000823cefa8,0x0000000085080000)
 Metaspace       used 26080K, capacity 26926K, committed 27184K, reserved 1073152K
  class space    used 3380K, capacity 3591K, committed 3632K, reserved 1048576K
}
Event: 4.038 GC heap before
{Heap before GC invocations=8 (full 1):
 PSYoungGen      total 118272K, used 118256K [0x00000000d5f00000, 0x00000000df100000, 0x0000000100000000)
  eden space 110080K, 100% used [0x00000000d5f00000,0x00000000dca80000,0x00000000dca80000)
  from space 8192K, 99% used [0x00000000de900000,0x00000000df0fc0d0,0x00000000df100000)
  to   space 9728K, 0% used [0x00000000dde00000,0x00000000dde00000,0x00000000de780000)
 ParOldGen       total 53760K, used 7995K [0x0000000081c00000, 0x0000000085080000, 0x00000000d5f00000)
  object space 53760K, 14% used [0x0000000081c00000,0x00000000823cefa8,0x0000000085080000)
 Metaspace       used 30079K, capacity 31206K, committed 31408K, reserved 1077248K
  class space    used 3933K, capacity 4165K, committed 4272K, reserved 1048576K
Event: 4.055 GC heap after
Heap after GC invocations=8 (full 1):
 PSYoungGen      total 139776K, used 9720K [0x00000000d5f00000, 0x00000000e2680000, 0x0000000100000000)
  eden space 130048K, 0% used [0x00000000d5f00000,0x00000000d5f00000,0x00000000dde00000)
  from space 9728K, 99% used [0x00000000dde00000,0x00000000de77e1e8,0x00000000de780000)
  to   space 12288K, 0% used [0x00000000e1a80000,0x00000000e1a80000,0x00000000e2680000)
 ParOldGen       total 53760K, used 10603K [0x0000000081c00000, 0x0000000085080000, 0x00000000d5f00000)
  object space 53760K, 19% used [0x0000000081c00000,0x000000008265afa0,0x0000000085080000)
 Metaspace       used 30079K, capacity 31206K, committed 31408K, reserved 1077248K
  class space    used 3933K, capacity 4165K, committed 4272K, reserved 1048576K
}
Event: 4.992 GC heap before
{Heap before GC invocations=9 (full 1):
 PSYoungGen      total 139776K, used 70580K [0x00000000d5f00000, 0x00000000e2680000, 0x0000000100000000)
  eden space 130048K, 46% used [0x00000000d5f00000,0x00000000d9a6f088,0x00000000dde00000)
  from space 9728K, 99% used [0x00000000dde00000,0x00000000de77e1e8,0x00000000de780000)
  to   space 12288K, 0% used [0x00000000e1a80000,0x00000000e1a80000,0x00000000e2680000)
 ParOldGen       total 53760K, used 10603K [0x0000000081c00000, 0x0000000085080000, 0x00000000d5f00000)
  object space 53760K, 19% used [0x0000000081c00000,0x000000008265afa0,0x0000000085080000)
 Metaspace       used 34166K, capacity 35366K, committed 35496K, reserved 1081344K
  class space    used 4404K, capacity 4643K, committed 4656K, reserved 1048576K
Event: 5.003 GC heap after
Heap after GC invocations=9 (full 1):
 PSYoungGen      total 189440K, used 12269K [0x00000000d5f00000, 0x00000000e4700000, 0x0000000100000000)
  eden space 177152K, 0% used [0x00000000d5f00000,0x00000000d5f00000,0x00000000e0c00000)
  from space 12288K, 99% used [0x00000000e1a80000,0x00000000e267b698,0x00000000e2680000)
  to   space 14848K, 0% used [0x00000000e0c00000,0x00000000e0c00000,0x00000000e1a80000)
 ParOldGen       total 53760K, used 12233K [0x0000000081c00000, 0x0000000085080000, 0x00000000d5f00000)
  object space 53760K, 22% used [0x0000000081c00000,0x00000000827f24a8,0x0000000085080000)
 Metaspace       used 34166K, capacity 35366K, committed 35496K, reserved 1081344K
  class space    used 4404K, capacity 4643K, committed 4656K, reserved 1048576K
}
Event: 5.003 GC heap before
{Heap before GC invocations=10 (full 2):
 PSYoungGen      total 189440K, used 12269K [0x00000000d5f00000, 0x00000000e4700000, 0x0000000100000000)
  eden space 177152K, 0% used [0x00000000d5f00000,0x00000000d5f00000,0x00000000e0c00000)
  from space 12288K, 99% used [0x00000000e1a80000,0x00000000e267b698,0x00000000e2680000)
  to   space 14848K, 0% used [0x00000000e0c00000,0x00000000e0c00000,0x00000000e1a80000)
 ParOldGen       total 53760K, used 12233K [0x0000000081c00000, 0x0000000085080000, 0x00000000d5f00000)
  object space 53760K, 22% used [0x0000000081c00000,0x00000000827f24a8,0x0000000085080000)
 Metaspace       used 34166K, capacity 35366K, committed 35496K, reserved 1081344K
  class space    used 4404K, capacity 4643K, committed 4656K, reserved 1048576K
Event: 5.077 GC heap after
Heap after GC invocations=10 (full 2):
 PSYoungGen      total 189440K, used 0K [0x00000000d5f00000, 0x00000000e4700000, 0x0000000100000000)
  eden space 177152K, 0% used [0x00000000d5f00000,0x00000000d5f00000,0x00000000e0c00000)
  from space 12288K, 0% used [0x00000000e1a80000,0x00000000e1a80000,0x00000000e2680000)
  to   space 14848K, 0% used [0x00000000e0c00000,0x00000000e0c00000,0x00000000e1a80000)
 ParOldGen       total 87552K, used 18297K [0x0000000081c00000, 0x0000000087180000, 0x00000000d5f00000)
  object space 87552K, 20% used [0x0000000081c00000,0x0000000082dde680,0x0000000087180000)
 Metaspace       used 34166K, capacity 35366K, committed 35496K, reserved 1081344K
  class space    used 4404K, capacity 4643K, committed 4656K, reserved 1048576K
}

