# JRE version: Java(TM) SE Runtime Environment (8.0_171-b11) (build 1.8.0_171-b11)
# Java VM: Java HotSpot(TM) 64-Bit Server VM (25.171-b11 mixed mode windows-amd64 compressed oops)
Heap:
 PSYoungGen      total 172032K, used 49865K [0x00000000d5f00000, 0x00000000e4200000, 0x0000000100000000)
  eden space 157184K, 22% used [0x00000000d5f00000,0x00000000d8136ce8,0x00000000df880000)
  from space 14848K, 99% used [0x00000000df880000,0x00000000e06fb910,0x00000000e0700000)
  to   space 16896K, 0% used [0x00000000e3180000,0x00000000e3180000,0x00000000e4200000)
 ParOldGen       total 93184K, used 19003K [0x0000000081c00000, 0x0000000087700000, 0x00000000d5f00000)
  object space 93184K, 20% used [0x0000000081c00000,0x0000000082e8eeb8,0x0000000087700000)
 Metaspace       used 48547K, capacity 50406K, committed 50480K, reserved 1093632K
  class space    used 6572K, capacity 6925K, committed 6960K, reserved 1048576K
GC Heap History (10 events):
Event: 3.177 GC heap before
{Heap before GC invocations=7 (full 1):
 PSYoungGen      total 71680K, used 66560K [0x00000000d5f00000, 0x00000000df100000, 0x0000000100000000)
  eden space 66560K, 100% used [0x00000000d5f00000,0x00000000da000000,0x00000000da000000)
  from space 5120K, 0% used [0x00000000da000000,0x00000000da000000,0x00000000da500000)
  to   space 8192K, 0% used [0x00000000de900000,0x00000000de900000,0x00000000df100000)
 ParOldGen       total 56320K, used 7085K [0x0000000081c00000, 0x0000000085300000, 0x00000000d5f00000)
  object space 56320K, 12% used [0x0000000081c00000,0x00000000822eb7c0,0x0000000085300000)
 Metaspace       used 26169K, capacity 27006K, committed 27184K, reserved 1073152K
  class space    used 3404K, capacity 3621K, committed 3632K, reserved 1048576K
Event: 3.184 GC heap after
Heap after GC invocations=7 (full 1):
 PSYoungGen      total 112640K, used 8184K [0x00000000d5f00000, 0x00000000df100000, 0x0000000100000000)
  eden space 104448K, 0% used [0x00000000d5f00000,0x00000000d5f00000,0x00000000dc500000)
  from space 8192K, 99% used [0x00000000de900000,0x00000000df0fe198,0x00000000df100000)
  to   space 10240K, 0% used [0x00000000ddd00000,0x00000000ddd00000,0x00000000de700000)
 ParOldGen       total 56320K, used 8605K [0x0000000081c00000, 0x0000000085300000, 0x00000000d5f00000)
  object space 56320K, 15% used [0x0000000081c00000,0x00000000824674b0,0x0000000085300000)
 Metaspace       used 26169K, capacity 27006K, committed 27184K, reserved 1073152K
  class space    used 3404K, capacity 3621K, committed 3632K, reserved 1048576K
}
Event: 4.626 GC heap before
{Heap before GC invocations=8 (full 1):
 PSYoungGen      total 112640K, used 112632K [0x00000000d5f00000, 0x00000000df100000, 0x0000000100000000)
  eden space 104448K, 100% used [0x00000000d5f00000,0x00000000dc500000,0x00000000dc500000)
  from space 8192K, 99% used [0x00000000de900000,0x00000000df0fe198,0x00000000df100000)
  to   space 10240K, 0% used [0x00000000ddd00000,0x00000000ddd00000,0x00000000de700000)
 ParOldGen       total 56320K, used 8605K [0x0000000081c00000, 0x0000000085300000, 0x00000000d5f00000)
  object space 56320K, 15% used [0x0000000081c00000,0x00000000824674b0,0x0000000085300000)
 Metaspace       used 29983K, capacity 31118K, committed 31408K, reserved 1077248K
  class space    used 3923K, capacity 4163K, committed 4272K, reserved 1048576K
Event: 4.638 GC heap after
Heap after GC invocations=8 (full 1):
 PSYoungGen      total 139264K, used 10222K [0x00000000d5f00000, 0x00000000e1380000, 0x0000000100000000)
  eden space 129024K, 0% used [0x00000000d5f00000,0x00000000d5f00000,0x00000000ddd00000)
  from space 10240K, 99% used [0x00000000ddd00000,0x00000000de6fbb28,0x00000000de700000)
  to   space 12800K, 0% used [0x00000000e0700000,0x00000000e0700000,0x00000000e1380000)
 ParOldGen       total 56320K, used 10599K [0x0000000081c00000, 0x0000000085300000, 0x00000000d5f00000)
  object space 56320K, 18% used [0x0000000081c00000,0x0000000082659de8,0x0000000085300000)
 Metaspace       used 29983K, capacity 31118K, committed 31408K, reserved 1077248K
  class space    used 3923K, capacity 4163K, committed 4272K, reserved 1048576K
}
Event: 5.638 GC heap before
{Heap before GC invocations=9 (full 1):
 PSYoungGen      total 139264K, used 77458K [0x00000000d5f00000, 0x00000000e1380000, 0x0000000100000000)
  eden space 129024K, 52% used [0x00000000d5f00000,0x00000000da0a9090,0x00000000ddd00000)
  from space 10240K, 99% used [0x00000000ddd00000,0x00000000de6fbb28,0x00000000de700000)
  to   space 12800K, 0% used [0x00000000e0700000,0x00000000e0700000,0x00000000e1380000)
 ParOldGen       total 56320K, used 10599K [0x0000000081c00000, 0x0000000085300000, 0x00000000d5f00000)
  object space 56320K, 18% used [0x0000000081c00000,0x0000000082659de8,0x0000000085300000)
 Metaspace       used 34152K, capacity 35362K, committed 35496K, reserved 1081344K
  class space    used 4406K, capacity 4643K, committed 4656K, reserved 1048576K
Event: 5.649 GC heap after
Heap after GC invocations=9 (full 1):
 PSYoungGen      total 169984K, used 12785K [0x00000000d5f00000, 0x00000000e3880000, 0x0000000100000000)
  eden space 157184K, 0% used [0x00000000d5f00000,0x00000000d5f00000,0x00000000df880000)
  from space 12800K, 99% used [0x00000000e0700000,0x00000000e137c448,0x00000000e1380000)
  to   space 14848K, 0% used [0x00000000df880000,0x00000000df880000,0x00000000e0700000)
 ParOldGen       total 56320K, used 11676K [0x0000000081c00000, 0x0000000085300000, 0x00000000d5f00000)
  object space 56320K, 20% used [0x0000000081c00000,0x00000000827672d0,0x0000000085300000)
 Metaspace       used 34152K, capacity 35362K, committed 35496K, reserved 1081344K
  class space    used 4406K, capacity 4643K, committed 4656K, reserved 1048576K
}
Event: 5.649 GC heap before
{Heap before GC invocations=10 (full 2):
 PSYoungGen      total 169984K, used 12785K [0x00000000d5f00000, 0x00000000e3880000, 0x0000000100000000)
  eden space 157184K, 0% used [0x00000000d5f00000,0x00000000d5f00000,0x00000000df880000)
  from space 12800K, 99% used [0x00000000e0700000,0x00000000e137c448,0x00000000e1380000)
  to   space 14848K, 0% used [0x00000000df880000,0x00000000df880000,0x00000000e0700000)
 ParOldGen       total 56320K, used 11676K [0x0000000081c00000, 0x0000000085300000, 0x00000000d5f00000)
  object space 56320K, 20% used [0x0000000081c00000,0x00000000827672d0,0x0000000085300000)
 Metaspace       used 34152K, capacity 35362K, committed 35496K, reserved 1081344K
  class space    used 4406K, capacity 4643K, committed 4656K, reserved 1048576K
Event: 5.723 GC heap after
Heap after GC invocations=10 (full 2):
 PSYoungGen      total 169984K, used 0K [0x00000000d5f00000, 0x00000000e3880000, 0x0000000100000000)
  eden space 157184K, 0% used [0x00000000d5f00000,0x00000000d5f00000,0x00000000df880000)
  from space 12800K, 0% used [0x00000000e0700000,0x00000000e0700000,0x00000000e1380000)
  to   space 14848K, 0% used [0x00000000df880000,0x00000000df880000,0x00000000e0700000)
 ParOldGen       total 93184K, used 18349K [0x0000000081c00000, 0x0000000087700000, 0x00000000d5f00000)
  object space 93184K, 19% used [0x0000000081c00000,0x0000000082deb498,0x0000000087700000)
 Metaspace       used 34152K, capacity 35362K, committed 35496K, reserved 1081344K
  class space    used 4406K, capacity 4643K, committed 4656K, reserved 1048576K
}
Event: 7.537 GC heap before
{Heap before GC invocations=11 (full 2):
 PSYoungGen      total 169984K, used 157184K [0x00000000d5f00000, 0x00000000e3880000, 0x0000000100000000)
  eden space 157184K, 100% used [0x00000000d5f00000,0x00000000df880000,0x00000000df880000)
  from space 12800K, 0% used [0x00000000e0700000,0x00000000e0700000,0x00000000e1380000)
  to   space 14848K, 0% used [0x00000000df880000,0x00000000df880000,0x00000000e0700000)
 ParOldGen       total 93184K, used 18349K [0x0000000081c00000, 0x0000000087700000, 0x00000000d5f00000)
  object space 93184K, 19% used [0x0000000081c00000,0x0000000082deb498,0x0000000087700000)
 Metaspace       used 47811K, capacity 49674K, committed 49840K, reserved 1091584K
  class space    used 6470K, capacity 6809K, committed 6832K, reserved 1048576K
Event: 7.558 GC heap after
Heap after GC invocations=11 (full 2):
 PSYoungGen      total 172032K, used 14830K [0x00000000d5f00000, 0x00000000e4200000, 0x0000000100000000)
  eden space 157184K, 0% used [0x00000000d5f00000,0x00000000d5f00000,0x00000000df880000)
  from space 14848K, 99% used [0x00000000df880000,0x00000000e06fb910,0x00000000e0700000)
  to   space 16896K, 0% used [0x00000000e3180000,0x00000000e3180000,0x00000000e4200000)
 ParOldGen       total 93184K, used 19003K [0x0000000081c00000, 0x0000000087700000, 0x00000000d5f00000)
  object space 93184K, 20% used [0x0000000081c00000,0x0000000082e8eeb8,0x0000000087700000)
 Metaspace       used 47811K, capacity 49674K, committed 49840K, reserved 1091584K
  class space    used 6470K, capacity 6809K, committed 6832K, reserved 1048576K
}

