# JRE version: Java(TM) SE Runtime Environment (8.0_171-b11) (build 1.8.0_171-b11)
# Java VM: Java HotSpot(TM) 64-Bit Server VM (25.171-b11 mixed mode windows-amd64 compressed oops)
Heap:
 PSYoungGen      total 142848K, used 89822K [0x00000000d5f00000, 0x00000000e3800000, 0x0000000100000000)
  eden space 130048K, 69% used [0x00000000d5f00000,0x00000000db6b7840,0x00000000dde00000)
  from space 12800K, 0% used [0x00000000ded80000,0x00000000ded80000,0x00000000dfa00000)
  to   space 15872K, 0% used [0x00000000dde00000,0x00000000dde00000,0x00000000ded80000)
 ParOldGen       total 81408K, used 34311K [0x0000000081c00000, 0x0000000086b80000, 0x00000000d5f00000)
  object space 81408K, 42% used [0x0000000081c00000,0x0000000083d81e28,0x0000000086b80000)
 Metaspace       used 38112K, capacity 39448K, committed 39552K, reserved 1083392K
  class space    used 4832K, capacity 5170K, committed 5248K, reserved 1048576K
GC Heap History (10 events):
Event: 3.250 GC heap before
{Heap before GC invocations=6 (full 0):
 PSYoungGen      total 71680K, used 71657K [0x00000000d5f00000, 0x00000000dfa00000, 0x0000000100000000)
  eden space 66560K, 100% used [0x00000000d5f00000,0x00000000da000000,0x00000000da000000)
  from space 5120K, 99% used [0x00000000da000000,0x00000000da4fa610,0x00000000da500000)
  to   space 12800K, 0% used [0x00000000ded80000,0x00000000ded80000,0x00000000dfa00000)
 ParOldGen       total 87552K, used 17265K [0x0000000081c00000, 0x0000000087180000, 0x00000000d5f00000)
  object space 87552K, 19% used [0x0000000081c00000,0x0000000082cdc570,0x0000000087180000)
 Metaspace       used 17983K, capacity 18538K, committed 18688K, reserved 1064960K
  class space    used 2085K, capacity 2233K, committed 2304K, reserved 1048576K
Event: 3.264 GC heap after
Heap after GC invocations=6 (full 0):
 PSYoungGen      total 145408K, used 10657K [0x00000000d5f00000, 0x00000000dfb00000, 0x0000000100000000)
  eden space 132608K, 0% used [0x00000000d5f00000,0x00000000d5f00000,0x00000000de080000)
  from space 12800K, 83% used [0x00000000ded80000,0x00000000df7e8488,0x00000000dfa00000)
  to   space 13312K, 0% used [0x00000000de080000,0x00000000de080000,0x00000000ded80000)
 ParOldGen       total 87552K, used 17265K [0x0000000081c00000, 0x0000000087180000, 0x00000000d5f00000)
  object space 87552K, 19% used [0x0000000081c00000,0x0000000082cdc570,0x0000000087180000)
 Metaspace       used 17983K, capacity 18538K, committed 18688K, reserved 1064960K
  class space    used 2085K, capacity 2233K, committed 2304K, reserved 1048576K
}
Event: 3.857 GC heap before
{Heap before GC invocations=7 (full 0):
 PSYoungGen      total 145408K, used 62843K [0x00000000d5f00000, 0x00000000dfb00000, 0x0000000100000000)
  eden space 132608K, 39% used [0x00000000d5f00000,0x00000000d91f6920,0x00000000de080000)
  from space 12800K, 83% used [0x00000000ded80000,0x00000000df7e8488,0x00000000dfa00000)
  to   space 13312K, 0% used [0x00000000de080000,0x00000000de080000,0x00000000ded80000)
 ParOldGen       total 87552K, used 17265K [0x0000000081c00000, 0x0000000087180000, 0x00000000d5f00000)
  object space 87552K, 19% used [0x0000000081c00000,0x0000000082cdc570,0x0000000087180000)
 Metaspace       used 20365K, capacity 21114K, committed 21296K, reserved 1069056K
  class space    used 2394K, capacity 2631K, committed 2688K, reserved 1048576K
Event: 3.874 GC heap after
Heap after GC invocations=7 (full 0):
 PSYoungGen      total 145920K, used 12043K [0x00000000d5f00000, 0x00000000dfb00000, 0x0000000100000000)
  eden space 132608K, 0% used [0x00000000d5f00000,0x00000000d5f00000,0x00000000de080000)
  from space 13312K, 90% used [0x00000000de080000,0x00000000dec42f90,0x00000000ded80000)
  to   space 12800K, 0% used [0x00000000ded80000,0x00000000ded80000,0x00000000dfa00000)
 ParOldGen       total 87552K, used 18249K [0x0000000081c00000, 0x0000000087180000, 0x00000000d5f00000)
  object space 87552K, 20% used [0x0000000081c00000,0x0000000082dd2400,0x0000000087180000)
 Metaspace       used 20365K, capacity 21114K, committed 21296K, reserved 1069056K
  class space    used 2394K, capacity 2631K, committed 2688K, reserved 1048576K
}
Event: 3.874 GC heap before
{Heap before GC invocations=8 (full 1):
 PSYoungGen      total 145920K, used 12043K [0x00000000d5f00000, 0x00000000dfb00000, 0x0000000100000000)
  eden space 132608K, 0% used [0x00000000d5f00000,0x00000000d5f00000,0x00000000de080000)
  from space 13312K, 90% used [0x00000000de080000,0x00000000dec42f90,0x00000000ded80000)
  to   space 12800K, 0% used [0x00000000ded80000,0x00000000ded80000,0x00000000dfa00000)
 ParOldGen       total 87552K, used 18249K [0x0000000081c00000, 0x0000000087180000, 0x00000000d5f00000)
  object space 87552K, 20% used [0x0000000081c00000,0x0000000082dd2400,0x0000000087180000)
 Metaspace       used 20365K, capacity 21114K, committed 21296K, reserved 1069056K
  class space    used 2394K, capacity 2631K, committed 2688K, reserved 1048576K
Event: 3.979 GC heap after
Heap after GC invocations=8 (full 1):
 PSYoungGen      total 145920K, used 0K [0x00000000d5f00000, 0x00000000dfb00000, 0x0000000100000000)
  eden space 132608K, 0% used [0x00000000d5f00000,0x00000000d5f00000,0x00000000de080000)
  from space 13312K, 0% used [0x00000000de080000,0x00000000de080000,0x00000000ded80000)
  to   space 12800K, 0% used [0x00000000ded80000,0x00000000ded80000,0x00000000dfa00000)
 ParOldGen       total 81408K, used 23217K [0x0000000081c00000, 0x0000000086b80000, 0x00000000d5f00000)
  object space 81408K, 28% used [0x0000000081c00000,0x00000000832ac5a8,0x0000000086b80000)
 Metaspace       used 20365K, capacity 21114K, committed 21296K, reserved 1069056K
  class space    used 2394K, capacity 2631K, committed 2688K, reserved 1048576K
}
Event: 5.251 GC heap before
{Heap before GC invocations=9 (full 1):
 PSYoungGen      total 145920K, used 106660K [0x00000000d5f00000, 0x00000000dfb00000, 0x0000000100000000)
  eden space 132608K, 80% used [0x00000000d5f00000,0x00000000dc729110,0x00000000de080000)
  from space 13312K, 0% used [0x00000000de080000,0x00000000de080000,0x00000000ded80000)
  to   space 12800K, 0% used [0x00000000ded80000,0x00000000ded80000,0x00000000dfa00000)
 ParOldGen       total 81408K, used 23217K [0x0000000081c00000, 0x0000000086b80000, 0x00000000d5f00000)
  object space 81408K, 28% used [0x0000000081c00000,0x00000000832ac5a8,0x0000000086b80000)
 Metaspace       used 34116K, capacity 35216K, committed 35456K, reserved 1079296K
  class space    used 4289K, capacity 4622K, committed 4736K, reserved 1048576K
Event: 5.266 GC heap after
Heap after GC invocations=9 (full 1):
 PSYoungGen      total 142848K, used 12788K [0x00000000d5f00000, 0x00000000e3800000, 0x0000000100000000)
  eden space 130048K, 0% used [0x00000000d5f00000,0x00000000d5f00000,0x00000000dde00000)
  from space 12800K, 99% used [0x00000000ded80000,0x00000000df9fd3d8,0x00000000dfa00000)
  to   space 15872K, 0% used [0x00000000dde00000,0x00000000dde00000,0x00000000ded80000)
 ParOldGen       total 81408K, used 24240K [0x0000000081c00000, 0x0000000086b80000, 0x00000000d5f00000)
  object space 81408K, 29% used [0x0000000081c00000,0x00000000833ac1f8,0x0000000086b80000)
 Metaspace       used 34116K, capacity 35216K, committed 35456K, reserved 1079296K
  class space    used 4289K, capacity 4622K, committed 4736K, reserved 1048576K
}
Event: 5.266 GC heap before
{Heap before GC invocations=10 (full 2):
 PSYoungGen      total 142848K, used 12788K [0x00000000d5f00000, 0x00000000e3800000, 0x0000000100000000)
  eden space 130048K, 0% used [0x00000000d5f00000,0x00000000d5f00000,0x00000000dde00000)
  from space 12800K, 99% used [0x00000000ded80000,0x00000000df9fd3d8,0x00000000dfa00000)
  to   space 15872K, 0% used [0x00000000dde00000,0x00000000dde00000,0x00000000ded80000)
 ParOldGen       total 81408K, used 24240K [0x0000000081c00000, 0x0000000086b80000, 0x00000000d5f00000)
  object space 81408K, 29% used [0x0000000081c00000,0x00000000833ac1f8,0x0000000086b80000)
 Metaspace       used 34116K, capacity 35216K, committed 35456K, reserved 1079296K
  class space    used 4289K, capacity 4622K, committed 4736K, reserved 1048576K
Event: 5.396 GC heap after
Heap after GC invocations=10 (full 2):
 PSYoungGen      total 142848K, used 0K [0x00000000d5f00000, 0x00000000e3800000, 0x0000000100000000)
  eden space 130048K, 0% used [0x00000000d5f00000,0x00000000d5f00000,0x00000000dde00000)
  from space 12800K, 0% used [0x00000000ded80000,0x00000000ded80000,0x00000000dfa00000)
  to   space 15872K, 0% used [0x00000000dde00000,0x00000000dde00000,0x00000000ded80000)
 ParOldGen       total 81408K, used 34311K [0x0000000081c00000, 0x0000000086b80000, 0x00000000d5f00000)
  object space 81408K, 42% used [0x0000000081c00000,0x0000000083d81e28,0x0000000086b80000)
 Metaspace       used 34116K, capacity 35216K, committed 35456K, reserved 1079296K
  class space    used 4289K, capacity 4622K, committed 4736K, reserved 1048576K
}

