# JRE version: Java(TM) SE Runtime Environment (8.0_171-b11) (build 1.8.0_171-b11)
# Java VM: Java HotSpot(TM) 64-Bit Server VM (25.171-b11 mixed mode windows-amd64 compressed oops)
Heap:
 PSYoungGen      total 191488K, used 133271K [0x00000000d5f00000, 0x00000000e4800000, 0x0000000100000000)
  eden space 180224K, 73% used [0x00000000d5f00000,0x00000000de125ea0,0x00000000e0f00000)
  from space 11264K, 0% used [0x00000000e1c00000,0x00000000e1c00000,0x00000000e2700000)
  to   space 13312K, 0% used [0x00000000e0f00000,0x00000000e0f00000,0x00000000e1c00000)
 ParOldGen       total 89600K, used 18215K [0x0000000081c00000, 0x0000000087380000, 0x00000000d5f00000)
  object space 89600K, 20% used [0x0000000081c00000,0x0000000082dc9c30,0x0000000087380000)
 Metaspace       used 45637K, capacity 47244K, committed 47448K, reserved 1089536K
  class space    used 6152K, capacity 6466K, committed 6488K, reserved 1048576K
GC Heap History (10 events):
Event: 2.590 GC heap before
{Heap before GC invocations=6 (full 1):
 PSYoungGen      total 71680K, used 5102K [0x00000000d5f00000, 0x00000000df100000, 0x0000000100000000)
  eden space 66560K, 0% used [0x00000000d5f00000,0x00000000d5f00000,0x00000000da000000)
  from space 5120K, 99% used [0x00000000da000000,0x00000000da4fb868,0x00000000da500000)
  to   space 8192K, 0% used [0x00000000de900000,0x00000000de900000,0x00000000df100000)
 ParOldGen       total 87552K, used 4396K [0x0000000081c00000, 0x0000000087180000, 0x00000000d5f00000)
  object space 87552K, 5% used [0x0000000081c00000,0x000000008204b0c8,0x0000000087180000)
 Metaspace       used 20523K, capacity 21128K, committed 21248K, reserved 1067008K
  class space    used 2643K, capacity 2786K, committed 2816K, reserved 1048576K
Event: 2.621 GC heap after
Heap after GC invocations=6 (full 1):
 PSYoungGen      total 71680K, used 0K [0x00000000d5f00000, 0x00000000df100000, 0x0000000100000000)
  eden space 66560K, 0% used [0x00000000d5f00000,0x00000000d5f00000,0x00000000da000000)
  from space 5120K, 0% used [0x00000000da000000,0x00000000da000000,0x00000000da500000)
  to   space 8192K, 0% used [0x00000000de900000,0x00000000de900000,0x00000000df100000)
 ParOldGen       total 54272K, used 7251K [0x0000000081c00000, 0x0000000085100000, 0x00000000d5f00000)
  object space 54272K, 13% used [0x0000000081c00000,0x0000000082314c70,0x0000000085100000)
 Metaspace       used 20523K, capacity 21128K, committed 21248K, reserved 1067008K
  class space    used 2643K, capacity 2786K, committed 2816K, reserved 1048576K
}
Event: 3.202 GC heap before
{Heap before GC invocations=7 (full 1):
 PSYoungGen      total 71680K, used 66560K [0x00000000d5f00000, 0x00000000df100000, 0x0000000100000000)
  eden space 66560K, 100% used [0x00000000d5f00000,0x00000000da000000,0x00000000da000000)
  from space 5120K, 0% used [0x00000000da000000,0x00000000da000000,0x00000000da500000)
  to   space 8192K, 0% used [0x00000000de900000,0x00000000de900000,0x00000000df100000)
 ParOldGen       total 54272K, used 7251K [0x0000000081c00000, 0x0000000085100000, 0x00000000d5f00000)
  object space 54272K, 13% used [0x0000000081c00000,0x0000000082314c70,0x0000000085100000)
 Metaspace       used 25542K, capacity 26378K, committed 26624K, reserved 1073152K
  class space    used 3287K, capacity 3495K, committed 3584K, reserved 1048576K
Event: 3.212 GC heap after
Heap after GC invocations=7 (full 1):
 PSYoungGen      total 117760K, used 6523K [0x00000000d5f00000, 0x00000000def80000, 0x0000000100000000)
  eden space 111104K, 0% used [0x00000000d5f00000,0x00000000d5f00000,0x00000000dcb80000)
  from space 6656K, 98% used [0x00000000de900000,0x00000000def5ef20,0x00000000def80000)
  to   space 8192K, 0% used [0x00000000ddf80000,0x00000000ddf80000,0x00000000de780000)
 ParOldGen       total 54272K, used 7323K [0x0000000081c00000, 0x0000000085100000, 0x00000000d5f00000)
  object space 54272K, 13% used [0x0000000081c00000,0x0000000082326c80,0x0000000085100000)
 Metaspace       used 25542K, capacity 26378K, committed 26624K, reserved 1073152K
  class space    used 3287K, capacity 3495K, committed 3584K, reserved 1048576K
}
Event: 4.189 GC heap before
{Heap before GC invocations=8 (full 1):
 PSYoungGen      total 117760K, used 117627K [0x00000000d5f00000, 0x00000000def80000, 0x0000000100000000)
  eden space 111104K, 100% used [0x00000000d5f00000,0x00000000dcb80000,0x00000000dcb80000)
  from space 6656K, 98% used [0x00000000de900000,0x00000000def5ef20,0x00000000def80000)
  to   space 8192K, 0% used [0x00000000ddf80000,0x00000000ddf80000,0x00000000de780000)
 ParOldGen       total 54272K, used 7323K [0x0000000081c00000, 0x0000000085100000, 0x00000000d5f00000)
  object space 54272K, 13% used [0x0000000081c00000,0x0000000082326c80,0x0000000085100000)
 Metaspace       used 30116K, capacity 31202K, committed 31360K, reserved 1077248K
  class space    used 3933K, capacity 4165K, committed 4224K, reserved 1048576K
Event: 4.201 GC heap after
Heap after GC invocations=8 (full 1):
 PSYoungGen      total 139776K, used 8182K [0x00000000d5f00000, 0x00000000e2700000, 0x0000000100000000)
  eden space 131584K, 0% used [0x00000000d5f00000,0x00000000d5f00000,0x00000000ddf80000)
  from space 8192K, 99% used [0x00000000ddf80000,0x00000000de77da78,0x00000000de780000)
  to   space 11264K, 0% used [0x00000000e1c00000,0x00000000e1c00000,0x00000000e2700000)
 ParOldGen       total 54272K, used 11346K [0x0000000081c00000, 0x0000000085100000, 0x00000000d5f00000)
  object space 54272K, 20% used [0x0000000081c00000,0x0000000082714b38,0x0000000085100000)
 Metaspace       used 30116K, capacity 31202K, committed 31360K, reserved 1077248K
  class space    used 3933K, capacity 4165K, committed 4224K, reserved 1048576K
}
Event: 5.127 GC heap before
{Heap before GC invocations=9 (full 1):
 PSYoungGen      total 139776K, used 66950K [0x00000000d5f00000, 0x00000000e2700000, 0x0000000100000000)
  eden space 131584K, 44% used [0x00000000d5f00000,0x00000000d98640d8,0x00000000ddf80000)
  from space 8192K, 99% used [0x00000000ddf80000,0x00000000de77da78,0x00000000de780000)
  to   space 11264K, 0% used [0x00000000e1c00000,0x00000000e1c00000,0x00000000e2700000)
 ParOldGen       total 54272K, used 11346K [0x0000000081c00000, 0x0000000085100000, 0x00000000d5f00000)
  object space 54272K, 20% used [0x0000000081c00000,0x0000000082714b38,0x0000000085100000)
 Metaspace       used 34089K, capacity 35292K, committed 35416K, reserved 1079296K
  class space    used 4397K, capacity 4642K, committed 4696K, reserved 1048576K
Event: 5.139 GC heap after
Heap after GC invocations=9 (full 1):
 PSYoungGen      total 191488K, used 11260K [0x00000000d5f00000, 0x00000000e4800000, 0x0000000100000000)
  eden space 180224K, 0% used [0x00000000d5f00000,0x00000000d5f00000,0x00000000e0f00000)
  from space 11264K, 99% used [0x00000000e1c00000,0x00000000e26ff080,0x00000000e2700000)
  to   space 13312K, 0% used [0x00000000e0f00000,0x00000000e0f00000,0x00000000e1c00000)
 ParOldGen       total 54272K, used 12940K [0x0000000081c00000, 0x0000000085100000, 0x00000000d5f00000)
  object space 54272K, 23% used [0x0000000081c00000,0x00000000828a30c0,0x0000000085100000)
 Metaspace       used 34089K, capacity 35292K, committed 35416K, reserved 1079296K
  class space    used 4397K, capacity 4642K, committed 4696K, reserved 1048576K
}
Event: 5.139 GC heap before
{Heap before GC invocations=10 (full 2):
 PSYoungGen      total 191488K, used 11260K [0x00000000d5f00000, 0x00000000e4800000, 0x0000000100000000)
  eden space 180224K, 0% used [0x00000000d5f00000,0x00000000d5f00000,0x00000000e0f00000)
  from space 11264K, 99% used [0x00000000e1c00000,0x00000000e26ff080,0x00000000e2700000)
  to   space 13312K, 0% used [0x00000000e0f00000,0x00000000e0f00000,0x00000000e1c00000)
 ParOldGen       total 54272K, used 12940K [0x0000000081c00000, 0x0000000085100000, 0x00000000d5f00000)
  object space 54272K, 23% used [0x0000000081c00000,0x00000000828a30c0,0x0000000085100000)
 Metaspace       used 34089K, capacity 35292K, committed 35416K, reserved 1079296K
  class space    used 4397K, capacity 4642K, committed 4696K, reserved 1048576K
Event: 5.214 GC heap after
Heap after GC invocations=10 (full 2):
 PSYoungGen      total 191488K, used 0K [0x00000000d5f00000, 0x00000000e4800000, 0x0000000100000000)
  eden space 180224K, 0% used [0x00000000d5f00000,0x00000000d5f00000,0x00000000e0f00000)
  from space 11264K, 0% used [0x00000000e1c00000,0x00000000e1c00000,0x00000000e2700000)
  to   space 13312K, 0% used [0x00000000e0f00000,0x00000000e0f00000,0x00000000e1c00000)
 ParOldGen       total 89600K, used 18215K [0x0000000081c00000, 0x0000000087380000, 0x00000000d5f00000)
  object space 89600K, 20% used [0x0000000081c00000,0x0000000082dc9c30,0x0000000087380000)
 Metaspace       used 34089K, capacity 35292K, committed 35416K, reserved 1079296K
  class space    used 4397K, capacity 4642K, committed 4696K, reserved 1048576K
}

